<?xml version="1.0" encoding="UTF-8"?>
<!-- Generated by org.testng.reporters.JUnitReportReporter -->
<testsuite hostname="US-WASH-HB2XF12" name="basics.AutomationExercisePart1" tests="1" failures="0" timestamp="1 May 2016 18:26:38 GMT" time="10.501" errors="0">
  <testcase name="verifyEmptyCart" time="10.501" classname="basics.AutomationExercisePart1"/>
</testsuite> <!-- basics.AutomationExercisePart1 -->
