<?xml version="1.0" encoding="UTF-8"?>
<!-- Generated by org.testng.reporters.JUnitReportReporter -->
<testsuite hostname="US-WASH-HB2XF12" name="basics.NewTest" tests="1" failures="0" timestamp="1 May 2016 17:01:31 GMT" time="22.267" errors="0">
  <testcase name="submitIphoneOrder" time="22.267" classname="basics.NewTest"/>
</testsuite> <!-- basics.NewTest -->
